<?xml version="1.0" encoding="UTF-8"?>
<testng-results skipped="0" failed="1" ignored="0" total="1" passed="0">
  <reporter-output>
  </reporter-output>
  <suite name="Default suite" duration-ms="3684" started-at="2020-11-11T20:33:29 WAT" finished-at="2020-11-11T20:33:32 WAT">
    <groups>
    </groups>
    <test name="Default test" duration-ms="3684" started-at="2020-11-11T20:33:29 WAT" finished-at="2020-11-11T20:33:32 WAT">
      <class name="googleTest.LoginToGoogle">
        <test-method status="PASS" signature="initializeWebDriver()[pri:0, instance:googleTest.LoginToGoogle@48503868]" name="initializeWebDriver" is-config="true" duration-ms="6523" started-at="2020-11-11T20:33:22 WAT" finished-at="2020-11-11T20:33:29 WAT">
          <reporter-output>
          </reporter-output>
        </test-method> <!-- initializeWebDriver -->
        <test-method status="FAIL" signature="loginwithValidCreds()[pri:0, instance:googleTest.LoginToGoogle@48503868]" name="loginwithValidCreds" duration-ms="3625" started-at="2020-11-11T20:33:29 WAT" finished-at="2020-11-11T20:33:32 WAT">
          <exception class="java.lang.NullPointerException">
            <full-stacktrace>
              <![CDATA[java.lang.NullPointerException
at pageFactory.gmailHomePage.clickLoginButton(gmailHomePage.java:20)
at googleTest.LoginToGoogle.loginwithValidCreds(LoginToGoogle.java:13)
at sun.reflect.NativeMethodAccessorImpl.invoke0(Native Method)
at sun.reflect.NativeMethodAccessorImpl.invoke(NativeMethodAccessorImpl.java:62)
at sun.reflect.DelegatingMethodAccessorImpl.invoke(DelegatingMethodAccessorImpl.java:43)
at java.lang.reflect.Method.invoke(Method.java:498)
at org.testng.internal.MethodInvocationHelper.invokeMethod(MethodInvocationHelper.java:134)
at org.testng.internal.TestInvoker.invokeMethod(TestInvoker.java:597)
at org.testng.internal.TestInvoker.invokeTestMethod(TestInvoker.java:173)
at org.testng.internal.MethodRunner.runInSequence(MethodRunner.java:46)
at org.testng.internal.TestInvoker$MethodInvocationAgent.invoke(TestInvoker.java:816)
at org.testng.internal.TestInvoker.invokeTestMethods(TestInvoker.java:146)
at org.testng.internal.TestMethodWorker.invokeTestMethods(TestMethodWorker.java:146)
at org.testng.internal.TestMethodWorker.run(TestMethodWorker.java:128)
at java.util.ArrayList.forEach(ArrayList.java:1257)
at org.testng.TestRunner.privateRun(TestRunner.java:766)
at org.testng.TestRunner.run(TestRunner.java:587)
at org.testng.SuiteRunner.runTest(SuiteRunner.java:384)
at org.testng.SuiteRunner.runSequentially(SuiteRunner.java:378)
at org.testng.SuiteRunner.privateRun(SuiteRunner.java:337)
at org.testng.SuiteRunner.run(SuiteRunner.java:286)
at org.testng.SuiteRunnerWorker.runSuite(SuiteRunnerWorker.java:53)
at org.testng.SuiteRunnerWorker.run(SuiteRunnerWorker.java:96)
at org.testng.TestNG.runSuitesSequentially(TestNG.java:1187)
at org.testng.TestNG.runSuitesLocally(TestNG.java:1109)
at org.testng.TestNG.runSuites(TestNG.java:1039)
at org.testng.TestNG.run(TestNG.java:1007)
at org.testng.remote.AbstractRemoteTestNG.run(AbstractRemoteTestNG.java:115)
at org.testng.remote.RemoteTestNG.initAndRun(RemoteTestNG.java:251)
at org.testng.remote.RemoteTestNG.main(RemoteTestNG.java:77)
]]>
            </full-stacktrace>
          </exception> <!-- java.lang.NullPointerException -->
          <reporter-output>
          </reporter-output>
        </test-method> <!-- loginwithValidCreds -->
        <test-method status="PASS" signature="quitDriver()[pri:0, instance:googleTest.LoginToGoogle@48503868]" name="quitDriver" is-config="true" duration-ms="176" started-at="2020-11-11T20:33:33 WAT" finished-at="2020-11-11T20:33:33 WAT">
          <reporter-output>
          </reporter-output>
        </test-method> <!-- quitDriver -->
      </class> <!-- googleTest.LoginToGoogle -->
    </test> <!-- Default test -->
  </suite> <!-- Default suite -->
</testng-results>
